
Showing logs for build [32mjstrachan-nodey435-master-7ldfn-1[0m stage [32mfrom-build-pack[0m and container [32mstep-credential-initializer-dkbnn[0m
{"level":"warn","ts":1585036197.9698298,"logger":"fallback-logger","caller":"logging/config.go:69","msg":"Fetch GitHub commit ID from kodata failed: \"ref: refs/heads/0.8.0-**-support-backwards-incompats\" is not a valid GitHub commit ID"}
{"level":"info","ts":1585036197.9706798,"logger":"fallback-logger","caller":"creds-init/main.go:40","msg":"Credentials initialized."}

Showing logs for build [32mjstrachan-nodey435-master-7ldfn-1[0m stage [32mfrom-build-pack[0m and container [32mstep-working-dir-initializer-p5th5[0m
{"level":"warn","ts":1585036198.374189,"logger":"fallback-logger","caller":"logging/config.go:69","msg":"Fetch GitHub commit ID from kodata failed: open /var/run/ko/HEAD: no such file or directory"}
{"level":"info","ts":1585036198.3765173,"logger":"fallback-logger","caller":"bash/main.go:64","msg":"Successfully executed command \"sh -c mkdir -p /workspace/source\"; output "}

Showing logs for build [32mjstrachan-nodey435-master-7ldfn-1[0m stage [32mfrom-build-pack[0m and container [32mstep-place-tools[0m

Showing logs for build [32mjstrachan-nodey435-master-7ldfn-1[0m stage [32mfrom-build-pack[0m and container [32mstep-git-source-jstrachan-nodey435-master-7ldfn-49xt5[0m
{"level":"warn","ts":1585036264.5041869,"logger":"fallback-logger","caller":"logging/config.go:69","msg":"Fetch GitHub commit ID from kodata failed: \"ref: refs/heads/0.8.0-**-support-backwards-incompats\" is not a valid GitHub commit ID"}
{"level":"info","ts":1585036265.5975966,"logger":"fallback-logger","caller":"git/git.go:103","msg":"Successfully cloned https://github.com/*********/nodey435.git @ v1.0.0 in path /workspace/source"}

Showing logs for build [32mjstrachan-nodey435-master-7ldfn-1[0m stage [32mfrom-build-pack[0m and container [32mstep-git-merge[0m
Using SHAs from PULL_REFS=master:
WARNING: no SHAs to merge, falling back to initial cloned commit

Showing logs for build [32mjstrachan-nodey435-master-7ldfn-1[0m stage [32mfrom-build-pack[0m and container [32mstep-setup-jx-git-credentials[0m
Cloning the Jenkins X versions repo https://github.com/jenkins-x-labs/jenkins-x-versions.git with ref refs/heads/master to /builder/home/.**/jenkins-x-versions
Generated Git credentials file /workspace/xdg_config/git/credentials

Showing logs for build [32mjstrachan-nodey435-master-7ldfn-1[0m stage [32mfrom-build-pack[0m and container [32mstep-build-npmrc[0m
Command "credential" is deprecated, it will be removed on Jun 1 2020.  This is replaced by Tekton's mounted secrets
WARNING: failed to find Secret npm-token in namespace **

Showing logs for build [32mjstrachan-nodey435-master-7ldfn-1[0m stage [32mfrom-build-pack[0m and container [32mstep-build-npm-install[0m
npm notice created a lockfile as package-lock.json. You should commit this file.
npm WARN REPLACE_ME@1.0.0 No repository field.
npm WARN REPLACE_ME@1.0.0 No license field.

up to date in 0.357s
found 0 vulnerabilities


Showing logs for build [32mjstrachan-nodey435-master-7ldfn-1[0m stage [32mfrom-build-pack[0m and container [32mstep-build-npm-test[0m

> REPLACE_ME@1.0.0 test /workspace/source
> echo "no test specified" && exit 0

no test specified

Showing logs for build [32mjstrachan-nodey435-master-7ldfn-1[0m stage [32mfrom-build-pack[0m and container [32mstep-build-container-build[0m
ERROR: logging before flag.Parse: E0324 07:51:15.858504      11 metadata.go:241] Failed to unmarshal scopes: invalid character 'h' looking for beginning of value
[36mINFO[0m[0000] Downloading base image node:9-slim           
ERROR: logging before flag.Parse: E0324 07:51:15.871616      11 metadata.go:142] while reading 'google-dockercfg' metadata: http status code: 404 while fetching url http://metadata.google.internal./computeMetadata/v1/instance/attributes/google-dockercfg
ERROR: logging before flag.Parse: E0324 07:51:15.874207      11 metadata.go:159] while reading 'google-dockercfg-url' metadata: http status code: 404 while fetching url http://metadata.google.internal./computeMetadata/v1/instance/attributes/google-dockercfg-url
2020/03/24 07:51:15 No matching credentials were found, falling back on anonymous
[36mINFO[0m[0002] Error while retrieving image from cache: getting file info: stat /workspace/sha256:0e0175bbe4f8d9d104590d8d2c591017874e30977cb71aaff1cf6fa99479575c: no such file or directory 
[36mINFO[0m[0002] Downloading base image node:9-slim           
2020/03/24 07:51:17 No matching credentials were found, falling back on anonymous
[36mINFO[0m[0002] Executing 0 build triggers                   
[36mINFO[0m[0002] cmd: EXPOSE                                  
[36mINFO[0m[0002] Adding exposed port: 8080/tcp                
[36mINFO[0m[0002] Using files from context: [/workspace/source] 
[36mINFO[0m[0002] Skipping unpacking as no commands require it. 
[36mINFO[0m[0002] Taking snapshot of full filesystem...        
[36mINFO[0m[0002] ENV PORT 8080                                
[36mINFO[0m[0002] No files changed in this command, skipping snapshotting. 
[36mINFO[0m[0002] EXPOSE 8080                                  
[36mINFO[0m[0002] cmd: EXPOSE                                  
[36mINFO[0m[0002] Adding exposed port: 8080/tcp                
[36mINFO[0m[0002] No files changed in this command, skipping snapshotting. 
[36mINFO[0m[0002] WORKDIR /usr/src/app                         
[36mINFO[0m[0002] cmd: workdir                                 
[36mINFO[0m[0002] Changed working directory to /usr/src/app    
[36mINFO[0m[0002] Creating directory /usr/src/app              
[36mINFO[0m[0002] Taking snapshot of files...                  
[36mINFO[0m[0002] Using files from context: [/workspace/source] 
[36mINFO[0m[0002] COPY . .                                     
[36mINFO[0m[0003] Taking snapshot of files...                  
[36mINFO[0m[0003] CMD ["npm", "start"]                         
[36mINFO[0m[0003] No files changed in this command, skipping snapshotting. 
2020/03/24 07:51:18 existing blob: sha256:7d083412657baa2dafba8d093034ef26f9ed2c90fb6ed95f76bb55aff03ed429
2020/03/24 07:51:18 existing blob: sha256:5bba3ecb4cd6374a19da45f2a3db0a9c0804984358b3bb4b666c28944016e5ff
2020/03/24 07:51:18 existing blob: sha256:196b8e3c919d5639193ba6c6e54774528942041bbc37606631a2250502985c3c
2020/03/24 07:51:18 existing blob: sha256:a88538b9cd05cfa611e43a25582a95ad7879f6fa708b0386a26b71ee62235bb3
2020/03/24 07:51:18 existing blob: sha256:e01bd28a434b56ffd2a3fe9aa99b9b69aecca69904843edd30b1ee7150d79904
2020/03/24 07:51:21 pushed blob: sha256:c71abd8bbec6ff07fa0c0ef71a69afb2bd0b94d468a36df16d8982c1cf791374
2020/03/24 07:51:21 pushed blob: sha256:5ae807749f72168ff28190d9b37589b755d97388954b75f45f1ab9475818bfc8
2020/03/24 07:51:21 pushed blob: sha256:e31e26b39c4fe93e71fd6786f4da894a06cf8f09ef734a51adcc2f994860d5e7
2020/03/24 07:51:23 gcr.io/*********-multicluster/nodey435:1.0.0: digest: sha256:1b9e6a04ed3557c365fc533f13124aebc06711926e61640ec0a09c768ead02c0 size: 1404

Showing logs for build [32mjstrachan-nodey435-master-7ldfn-1[0m stage [32mfrom-build-pack[0m and container [32mstep-build-post-build[0m
no CVE provider running in the current ** namespace so skip adding image to be analysed

Showing logs for build [32mjstrachan-nodey435-master-7ldfn-1[0m stage [32mfrom-build-pack[0m and container [32mstep-promote-changelog[0m
Converted /workspace/source/charts/nodey435 to an unshallow repository
Generating change log from git ref d43e5bc02446289bab208e8d44a9b747d3343cbc => 401dafaf17f921953fee9349d45c486fd1a433a7
WARNING: Failed to enrich commit 7f7ecf239dc689371c71b5e19e050e3899fa0c3f with issues: users.jenkins.io "x-0" already exists
WARNING: Failed to enrich commit 7f7ecf239dc689371c71b5e19e050e3899fa0c3f with issues: users.jenkins.io "x-0" already exists
Finding issues in commit messages using git format
WARNING: Failed to enrich commit 5cd6e3fb2acb830525f46b85b3558af81032df0a with issues: selected more than one user from users.jenkins.io: [********* x-0]
WARNING: Failed to enrich commit 5cd6e3fb2acb830525f46b85b3558af81032df0a with issues: selected more than one user from users.jenkins.io: [********* x-0]
WARNING: No release found for *********/nodey435 and tag v1.0.0 so creating a new release
Updated the release information at https://github.com/*********/nodey435/releases/tag/v1.0.0
generated: /workspace/source/charts/nodey435/templates/release.yaml
Created Release nodey435-1-0-0 resource in namespace **
Updating PipelineActivity *********-nodey435-master-1 with version 1.0.0
Updated PipelineActivities *********-nodey435-master-1 with release notes URL: https://github.com/*********/nodey435/releases/tag/v1.0.0

Showing logs for build [32mjstrachan-nodey435-master-7ldfn-1[0m stage [32mfrom-build-pack[0m and container [32mstep-promote-helm-release[0m
Adding missing Helm repo: storage.googleapis.com https://storage.googleapis.com/chartmuseum.jenkins-x.io
Successfully added Helm repository storage.googleapis.com.
Adding missing Helm repo: bucketrepo http://bucketrepo/bucketrepo/charts/
Successfully added Helm repository bucketrepo.
Uploading chart file nodey435-1.0.0.tgz to http://bucketrepo/bucketrepo/charts/api/charts
Received 200 response: 

Showing logs for build [32mjstrachan-nodey435-master-7ldfn-1[0m stage [32mfrom-build-pack[0m and container [32mstep-promote-jx-promote[0m
WARNING: prow based install so skip waiting for the merge of Pull Requests to go green as currently there is an issue with gettingstatuses from the PR, see https://github.com/jenkins-x/**/issues/2410
WARNING: No $CHART_REPOSITORY defined so using the default value of: http://jenkins-x-chartmuseum:8080
Promoting app nodey435 version 1.0.0 to namespace **-staging
WARNING: 
Created Pull Request: https://github.com/*********/environment-bucketrepo-staging/pull/44
Added label updatebot to Pull Request https://github.com/*********/environment-bucketrepo-staging/pull/44
WARNING: Failed to query the Pull Request last commit status for https://github.com/*********/environment-bucketrepo-staging/pull/44 ref 8aa1bb2282f469dc6fb59812e4f901631c8ba8e4 Could not find a status for repository *********/environment-bucketrepo-staging with ref 8aa1bb2282f469dc6fb59812e4f901631c8ba8e4
got git provider status pending from PR https://github.com/*********/environment-bucketrepo-staging/pull/44
got git provider status pending from PR https://github.com/*********/environment-bucketrepo-staging/pull/44
got git provider status pending from PR https://github.com/*********/environment-bucketrepo-staging/pull/44
Pull Request https://github.com/*********/environment-bucketrepo-staging/pull/44 is merged at sha efa6bc7f491e3108d214821756b3df7b3538493f
Pull Request merged but we are not waiting for the update pipeline to complete!
WARNING: Could not find the service URL in namespace **-staging for names nodey435, **-nodey435, **-staging-nodey435
